<?xml version="1.0" encoding="UTF-8"?>
<!-- Generated by org.testng.reporters.JUnitXMLReporter -->
<testsuite ignored="3" hostname="Hosselet" failures="0" tests="4" name="Test" time="23.52" errors="0" timestamp="2024-07-28T22:58:28 CEST">
  <testcase classname="nopcommerceTest.RegisterPageTest" name="registerPageTest" time="4.221"/>
  <testcase classname="nopcommerceTest.LoginPageTest" name="loginTest" time="2.088"/>
  <testcase classname="nopcommerceTest.AddItemToCartTest" name="addItemTest" time="5.577"/>
  <testcase classname="nopcommerceTest.CheckoutPageTest" name="checkouProcessTest" time="7.948"/>
  <testcase classname="setup.BaseTest" name="@BeforeTest setUp" time="0.0">
    <ignored/>
  </testcase> <!-- @BeforeTest setUp -->
  <testcase classname="setup.BaseTest" name="@BeforeTest setUp" time="0.0">
    <ignored/>
  </testcase> <!-- @BeforeTest setUp -->
  <testcase classname="setup.BaseTest" name="@BeforeTest setUp" time="0.0">
    <ignored/>
  </testcase> <!-- @BeforeTest setUp -->
</testsuite> <!-- Test -->
