<?xml version="1.0" encoding="UTF-8"?>
<testsuite xmlns:xsi="http://www.w3.org/2001/XMLSchema-instance" xsi:noNamespaceSchemaLocation="https://maven.apache.org/surefire/maven-surefire-plugin/xsd/surefire-test-report.xsd" version="3.0.2" name="TestSuite" time="24.402" tests="4" errors="0" skipped="0" failures="0">
  <properties>
[...]
</properties>
  <testcase name="registerPageTest" classname="nopcommerceTest.RegisterPageTest" time="4.36">
    <system-err><![CDATA[SLF4J: Failed to load class "org.slf4j.impl.StaticLoggerBinder".
SLF4J: Defaulting to no-operation (NOP) logger implementation
SLF4J: See http://www.slf4j.org/codes.html#StaticLoggerBinder for further details.
]]></system-err>
  </testcase>
  <testcase name="loginTest" classname="nopcommerceTest.LoginPageTest" time="2.094"/>
  <testcase name="addItemTest" classname="nopcommerceTest.AddItemToCartTest" time="5.58"/>
  <testcase name="checkouProcessTest[United States, Alabama, Lyon, Vaise, Vaise, 12254, 1515456465, 151545156](1)" classname="nopcommerceTest.CheckoutPageTest" time="7.954"/>
</testsuite>