<?xml version="1.0" encoding="UTF-8"?>
<testng-results ignored="0" total="4" passed="4" failed="0" skipped="0">
  <reporter-output>
  </reporter-output>
  <suite started-at="2024-07-28T22:58:04 CEST" name="Suite" finished-at="2024-07-28T22:58:28 CEST" duration-ms="23520">
    <groups>
    </groups>
    <test started-at="2024-07-28T22:58:04 CEST" name="Test" finished-at="2024-07-28T22:58:28 CEST" duration-ms="23520">
      <class name="nopcommerceTest.LoginPageTest">
        <test-method signature="loginTest()[pri:0, instance:nopcommerceTest.LoginPageTest@247310d0]" started-at="2024-07-28T22:58:12 CEST" name="loginTest" finished-at="2024-07-28T22:58:14 CEST" duration-ms="2088" status="PASS">
          <reporter-output>
          </reporter-output>
        </test-method> <!-- loginTest -->
      </class> <!-- nopcommerceTest.LoginPageTest -->
      <class name="nopcommerceTest.CheckoutPageTest">
        <test-method signature="checkouProcessTest(java.lang.String,java.lang.String,java.lang.String,java.lang.String,java.lang.String,java.lang.String,java.lang.String,java.lang.String)[pri:1, instance:nopcommerceTest.CheckoutPageTest@303cf2ba]" started-at="2024-07-28T22:58:20 CEST" name="checkouProcessTest" data-provider="checkoutData" finished-at="2024-07-28T22:58:28 CEST" duration-ms="7948" status="PASS">
          <params>
            <param index="0">
              <value>
                <![CDATA[United States]]>
              </value>
            </param>
            <param index="1">
              <value>
                <![CDATA[Alabama]]>
              </value>
            </param>
            <param index="2">
              <value>
                <![CDATA[Lyon]]>
              </value>
            </param>
            <param index="3">
              <value>
                <![CDATA[Vaise]]>
              </value>
            </param>
            <param index="4">
              <value>
                <![CDATA[Vaise]]>
              </value>
            </param>
            <param index="5">
              <value>
                <![CDATA[12254]]>
              </value>
            </param>
            <param index="6">
              <value>
                <![CDATA[1515456465]]>
              </value>
            </param>
            <param index="7">
              <value>
                <![CDATA[151545156]]>
              </value>
            </param>
          </params>
          <reporter-output>
          </reporter-output>
        </test-method> <!-- checkouProcessTest -->
      </class> <!-- nopcommerceTest.CheckoutPageTest -->
      <class name="nopcommerceTest.AddItemToCartTest">
        <test-method signature="addItemTest()[pri:0, instance:nopcommerceTest.AddItemToCartTest@1033576a]" started-at="2024-07-28T22:58:14 CEST" name="addItemTest" finished-at="2024-07-28T22:58:20 CEST" duration-ms="5577" status="PASS">
          <reporter-output>
          </reporter-output>
        </test-method> <!-- addItemTest -->
      </class> <!-- nopcommerceTest.AddItemToCartTest -->
      <class name="nopcommerceTest.RegisterPageTest">
        <test-method is-config="true" signature="setUp()[pri:0, instance:nopcommerceTest.RegisterPageTest@70ed52de]" started-at="2024-07-28T22:58:04 CEST" name="setUp" finished-at="2024-07-28T22:58:08 CEST" duration-ms="3438" status="PASS">
          <reporter-output>
          </reporter-output>
        </test-method> <!-- setUp -->
        <test-method signature="registerPageTest()[pri:0, instance:nopcommerceTest.RegisterPageTest@70ed52de]" started-at="2024-07-28T22:58:08 CEST" name="registerPageTest" finished-at="2024-07-28T22:58:12 CEST" duration-ms="4221" status="PASS">
          <reporter-output>
          </reporter-output>
        </test-method> <!-- registerPageTest -->
      </class> <!-- nopcommerceTest.RegisterPageTest -->
    </test> <!-- Test -->
  </suite> <!-- Suite -->
</testng-results>
